TN:
SF:lib/complex_logic.dart
FN:5,processData
FN:25,validateInput
FN:40,handleError
FNDA:20,processData
FNDA:15,validateInput
FNDA:3,handleError
FNF:3
FNH:3
DA:1,1
DA:2,1
DA:3,1
DA:4,1
DA:5,1
DA:6,20
DA:7,20
DA:8,15
DA:9,5
DA:10,20
DA:11,12
DA:12,8
DA:13,20
DA:14,20
DA:15,18
DA:16,2
DA:17,20
DA:18,20
DA:19,10
DA:20,10
DA:21,20
DA:22,20
DA:23,20
DA:24,1
DA:25,1
DA:26,15
DA:27,15
DA:28,12
DA:29,3
DA:30,15
DA:31,8
DA:32,7
DA:33,15
DA:34,15
DA:35,10
DA:36,5
DA:37,15
DA:38,15
DA:39,1
DA:40,1
DA:41,3
DA:42,2
DA:43,1
DA:44,3
DA:45,3
DA:46,1
LF:46
LH:46
BRF:14
BRH:13
BRDA:8,0,0,15
BRDA:8,0,1,5
BRDA:11,1,0,12
BRDA:11,1,1,8
BRDA:15,2,0,18
BRDA:15,2,1,2
BRDA:28,3,0,12
BRDA:28,3,1,3
BRDA:31,4,0,8
BRDA:31,4,1,7
BRDA:35,5,0,10
BRDA:35,5,1,5
BRDA:42,6,0,2
BRDA:42,6,1,0
end_of_record