TN:
SF:lib/main.dart
FN:3,main
FN:8,initializeApp
FNDA:1,main
FNDA:1,initializeApp
FNF:2
FNH:2
DA:1,1
DA:2,1
DA:3,1
DA:4,1
DA:5,1
DA:6,1
DA:7,1
DA:8,1
DA:9,1
DA:10,1
DA:11,1
DA:12,1
LF:12
LH:12
BRF:2
BRH:2
end_of_record
TN:
SF:lib/utils/string_utils.dart
FN:3,capitalize
FN:7,reverse
FN:11,isEmpty
FN:15,truncate
FNDA:15,capitalize
FNDA:8,reverse
FNDA:12,isEmpty
FNDA:0,truncate
FNF:4
FNH:3
DA:1,1
DA:2,1
DA:3,1
DA:4,15
DA:5,15
DA:6,1
DA:7,1
DA:8,8
DA:9,8
DA:10,1
DA:11,1
DA:12,12
DA:13,12
DA:14,1
DA:15,1
DA:16,0
DA:17,0
DA:18,0
DA:19,1
LF:19
LH:16
BRF:4
BRH:3
end_of_record
TN:
SF:lib/models/user.dart
FN:5,User
FN:12,toJson
FN:18,fromJson
FN:25,validate
FNDA:25,User
FNDA:20,toJson
FNDA:15,fromJson
FNDA:10,validate
FNF:4
FNH:4
DA:1,1
DA:2,1
DA:3,1
DA:4,1
DA:5,1
DA:6,25
DA:7,25
DA:8,25
DA:9,25
DA:10,25
DA:11,1
DA:12,1
DA:13,20
DA:14,20
DA:15,20
DA:16,20
DA:17,1
DA:18,1
DA:19,15
DA:20,15
DA:21,15
DA:22,15
DA:23,15
DA:24,1
DA:25,1
DA:26,10
DA:27,8
DA:28,2
DA:29,10
DA:30,1
LF:30
LH:30
BRF:6
BRH:5
end_of_record
TN:
SF:lib/services/api_service.dart
FN:8,ApiService
FN:12,get
FN:20,post
FN:28,put
FN:36,delete
FNDA:5,ApiService
FNDA:12,get
FNDA:8,post
FNDA:3,put
FNDA:1,delete
FNF:5
FNH:5
DA:1,1
DA:2,1
DA:3,1
DA:4,1
DA:5,1
DA:6,1
DA:7,1
DA:8,1
DA:9,5
DA:10,5
DA:11,1
DA:12,1
DA:13,12
DA:14,12
DA:15,10
DA:16,2
DA:17,12
DA:18,12
DA:19,1
DA:20,1
DA:21,8
DA:22,8
DA:23,6
DA:24,2
DA:25,8
DA:26,8
DA:27,1
DA:28,1
DA:29,3
DA:30,3
DA:31,2
DA:32,1
DA:33,3
DA:34,3
DA:35,1
DA:36,1
DA:37,1
DA:38,0
DA:39,1
DA:40,1
LF:40
LH:39
BRF:8
BRH:6
end_of_record